healthyFoodQandA/build/outputs/logs/manifest-merger-debug-report.txt
-- Merging decision tree log ---
manifest
ADDED from AndroidManifest.xml:2:1
	package
		ADDED from AndroidManifest.xml:4:5
		INJECTED from AndroidManifest.xml:0:0
		INJECTED from AndroidManifest.xml:0:0
	android:versionName
		ADDED from AndroidManifest.xml:6:5
	xmlns:tools
		ADDED from AndroidManifest.xml:3:5
	android:versionCode
		ADDED from AndroidManifest.xml:5:5
		INJECTED from AndroidManifest.xml:0:0
		INJECTED from AndroidManifest.xml:0:0
	xmlns:android
		ADDED from AndroidManifest.xml:2:11
uses-sdk
ADDED from AndroidManifest.xml:9:5
MERGED from com.android.support:multidex:1.0.1:18:5
MERGED from com.android.support:design:23.2.0:20:5
MERGED from com.android.support:recyclerview-v7:23.2.0:20:5
MERGED from com.android.support:support-v4:23.2.0:20:5
MERGED from com.android.support:appcompat-v7:23.2.0:21:5
MERGED from com.android.support:support-v4:23.2.0:20:5
MERGED from com.android.support:animated-vector-drawable:23.2.0:5:5
MERGED from com.android.support:support-vector-drawable:23.2.0:5:5
MERGED from com.android.support:support-v4:23.2.0:20:5
MERGED from com.android.support:support-vector-drawable:23.2.0:5:5
MERGED from com.android.support:support-v4:23.2.0:20:5
MERGED from com.android.support:support-v4:23.2.0:20:5
MERGED from com.android.support:support-v4:23.2.0:20:5
MERGED from com.android.support:appcompat-v7:23.2.0:21:5
MERGED from com.android.support:support-v4:23.2.0:20:5
MERGED from com.android.support:animated-vector-drawable:23.2.0:5:5
MERGED from com.android.support:support-vector-drawable:23.2.0:5:5
MERGED from com.android.support:support-v4:23.2.0:20:5
MERGED from com.android.support:support-vector-drawable:23.2.0:5:5
MERGED from com.android.support:support-v4:23.2.0:20:5
MERGED from com.google.android.gms:play-services-analytics:9.0.0:18:5
MERGED from com.google.android.gms:play-services-analytics-impl:9.0.0:18:5
MERGED from com.google.android.gms:play-services-base:9.0.0:18:5
MERGED from com.google.android.gms:play-services-basement:9.0.0:18:5
MERGED from com.android.support:support-v4:23.2.0:20:5
MERGED from com.google.firebase:firebase-common:9.0.0:4:5
MERGED from com.google.android.gms:play-services-basement:9.0.0:18:5
MERGED from com.android.support:support-v4:23.2.0:20:5
MERGED from com.google.android.gms:play-services-tasks:9.0.0:4:5
MERGED from com.google.android.gms:play-services-basement:9.0.0:18:5
MERGED from com.android.support:support-v4:23.2.0:20:5
MERGED from com.google.android.gms:play-services-tasks:9.0.0:4:5
MERGED from com.google.android.gms:play-services-basement:9.0.0:18:5
MERGED from com.android.support:support-v4:23.2.0:20:5
MERGED from com.google.android.gms:play-services-basement:9.0.0:18:5
MERGED from com.android.support:support-v4:23.2.0:20:5
MERGED from com.google.android.gms:play-services-base:9.0.0:18:5
MERGED from com.google.android.gms:play-services-basement:9.0.0:18:5
MERGED from com.android.support:support-v4:23.2.0:20:5
MERGED from com.google.firebase:firebase-common:9.0.0:4:5
MERGED from com.google.android.gms:play-services-basement:9.0.0:18:5
MERGED from com.android.support:support-v4:23.2.0:20:5
MERGED from com.google.android.gms:play-services-tasks:9.0.0:4:5
MERGED from com.google.android.gms:play-services-basement:9.0.0:18:5
MERGED from com.android.support:support-v4:23.2.0:20:5
MERGED from com.google.android.gms:play-services-tasks:9.0.0:4:5
MERGED from com.google.android.gms:play-services-basement:9.0.0:18:5
MERGED from com.android.support:support-v4:23.2.0:20:5
MERGED from com.google.android.gms:play-services-basement:9.0.0:18:5
MERGED from com.android.support:support-v4:23.2.0:20:5
MERGED from com.google.android.gms:play-services-maps:9.0.0:26:5
MERGED from com.google.android.gms:play-services-base:9.0.0:18:5
MERGED from com.google.android.gms:play-services-basement:9.0.0:18:5
MERGED from com.android.support:support-v4:23.2.0:20:5
MERGED from com.google.firebase:firebase-common:9.0.0:4:5
MERGED from com.google.android.gms:play-services-basement:9.0.0:18:5
MERGED from com.android.support:support-v4:23.2.0:20:5
MERGED from com.google.android.gms:play-services-tasks:9.0.0:4:5
MERGED from com.google.android.gms:play-services-basement:9.0.0:18:5
MERGED from com.android.support:support-v4:23.2.0:20:5
MERGED from com.google.android.gms:play-services-tasks:9.0.0:4:5
MERGED from com.google.android.gms:play-services-basement:9.0.0:18:5
MERGED from com.android.support:support-v4:23.2.0:20:5
MERGED from com.google.android.gms:play-services-basement:9.0.0:18:5
MERGED from com.android.support:support-v4:23.2.0:20:5
MERGED from com.google.android.gms:play-services-gcm:9.0.0:18:5
MERGED from com.google.android.gms:play-services-base:9.0.0:18:5
MERGED from com.google.android.gms:play-services-basement:9.0.0:18:5
MERGED from com.android.support:support-v4:23.2.0:20:5
MERGED from com.google.firebase:firebase-common:9.0.0:4:5
MERGED from com.google.android.gms:play-services-basement:9.0.0:18:5
MERGED from com.android.support:support-v4:23.2.0:20:5
MERGED from com.google.android.gms:play-services-tasks:9.0.0:4:5
MERGED from com.google.android.gms:play-services-basement:9.0.0:18:5
MERGED from com.android.support:support-v4:23.2.0:20:5
MERGED from com.google.android.gms:play-services-tasks:9.0.0:4:5
MERGED from com.google.android.gms:play-services-basement:9.0.0:18:5
MERGED from com.android.support:support-v4:23.2.0:20:5
MERGED from com.google.android.gms:play-services-basement:9.0.0:18:5
MERGED from com.android.support:support-v4:23.2.0:20:5
MERGED from com.google.android.gms:play-services-iid:9.0.0:18:5
MERGED from com.google.android.gms:play-services-base:9.0.0:18:5
MERGED from com.google.android.gms:play-services-basement:9.0.0:18:5
MERGED from com.android.support:support-v4:23.2.0:20:5
MERGED from com.google.firebase:firebase-common:9.0.0:4:5
MERGED from com.google.android.gms:play-services-basement:9.0.0:18:5
MERGED from com.android.support:support-v4:23.2.0:20:5
MERGED from com.google.android.gms:play-services-tasks:9.0.0:4:5
MERGED from com.google.android.gms:play-services-basement:9.0.0:18:5
MERGED from com.android.support:support-v4:23.2.0:20:5
MERGED from com.google.android.gms:play-services-tasks:9.0.0:4:5
MERGED from com.google.android.gms:play-services-basement:9.0.0:18:5
MERGED from com.android.support:support-v4:23.2.0:20:5
MERGED from com.google.android.gms:play-services-basement:9.0.0:18:5
MERGED from com.android.support:support-v4:23.2.0:20:5
MERGED from com.google.android.gms:play-services-ads:9.0.0:19:5
MERGED from com.google.android.gms:play-services-ads-lite:9.0.0:23:5
MERGED from com.google.android.gms:play-services-basement:9.0.0:18:5
MERGED from com.android.support:support-v4:23.2.0:20:5
MERGED from com.google.android.gms:play-services-base:9.0.0:18:5
MERGED from com.google.android.gms:play-services-basement:9.0.0:18:5
MERGED from com.android.support:support-v4:23.2.0:20:5
MERGED from com.google.firebase:firebase-common:9.0.0:4:5
MERGED from com.google.android.gms:play-services-basement:9.0.0:18:5
MERGED from com.android.support:support-v4:23.2.0:20:5
MERGED from com.google.android.gms:play-services-tasks:9.0.0:4:5
MERGED from com.google.android.gms:play-services-basement:9.0.0:18:5
MERGED from com.android.support:support-v4:23.2.0:20:5
MERGED from com.google.android.gms:play-services-tasks:9.0.0:4:5
MERGED from com.google.android.gms:play-services-basement:9.0.0:18:5
MERGED from com.android.support:support-v4:23.2.0:20:5
MERGED from com.google.android.gms:play-services-basement:9.0.0:18:5
MERGED from com.android.support:support-v4:23.2.0:20:5
MERGED from com.adlocus:library:3.5.2:7:5
MERGED from com.google.android.gms:play-services:9.0.0:4:5
MERGED from com.google.android.gms:play-services-ads:9.0.0:19:5
MERGED from com.google.android.gms:play-services-ads-lite:9.0.0:23:5
MERGED from com.google.android.gms:play-services-basement:9.0.0:18:5
MERGED from com.android.support:support-v4:23.2.0:20:5
MERGED from com.google.android.gms:play-services-base:9.0.0:18:5
MERGED from com.google.android.gms:play-services-basement:9.0.0:18:5
MERGED from com.android.support:support-v4:23.2.0:20:5
MERGED from com.google.firebase:firebase-common:9.0.0:4:5
MERGED from com.google.android.gms:play-services-basement:9.0.0:18:5
MERGED from com.android.support:support-v4:23.2.0:20:5
MERGED from com.google.android.gms:play-services-tasks:9.0.0:4:5
MERGED from com.google.android.gms:play-services-basement:9.0.0:18:5
MERGED from com.android.support:support-v4:23.2.0:20:5
MERGED from com.google.android.gms:play-services-tasks:9.0.0:4:5
MERGED from com.google.android.gms:play-services-basement:9.0.0:18:5
MERGED from com.android.support:support-v4:23.2.0:20:5
MERGED from com.google.android.gms:play-services-basement:9.0.0:18:5
MERGED from com.android.support:support-v4:23.2.0:20:5
MERGED from com.google.android.gms:play-services-ads-lite:9.0.0:23:5
MERGED from com.google.android.gms:play-services-basement:9.0.0:18:5
MERGED from com.android.support:support-v4:23.2.0:20:5
MERGED from com.google.android.gms:play-services-analytics:9.0.0:18:5
MERGED from com.google.android.gms:play-services-analytics-impl:9.0.0:18:5
MERGED from com.google.android.gms:play-services-base:9.0.0:18:5
MERGED from com.google.android.gms:play-services-basement:9.0.0:18:5
MERGED from com.android.support:support-v4:23.2.0:20:5
MERGED from com.google.firebase:firebase-common:9.0.0:4:5
MERGED from com.google.android.gms:play-services-basement:9.0.0:18:5
MERGED from com.android.support:support-v4:23.2.0:20:5
MERGED from com.google.android.gms:play-services-tasks:9.0.0:4:5
MERGED from com.google.android.gms:play-services-basement:9.0.0:18:5
MERGED from com.android.support:support-v4:23.2.0:20:5
MERGED from com.google.android.gms:play-services-tasks:9.0.0:4:5
MERGED from com.google.android.gms:play-services-basement:9.0.0:18:5
MERGED from com.android.support:support-v4:23.2.0:20:5
MERGED from com.google.android.gms:play-services-basement:9.0.0:18:5
MERGED from com.android.support:support-v4:23.2.0:20:5
MERGED from com.google.android.gms:play-services-base:9.0.0:18:5
MERGED from com.google.android.gms:play-services-basement:9.0.0:18:5
MERGED from com.android.support:support-v4:23.2.0:20:5
MERGED from com.google.firebase:firebase-common:9.0.0:4:5
MERGED from com.google.android.gms:play-services-basement:9.0.0:18:5
MERGED from com.android.support:support-v4:23.2.0:20:5
MERGED from com.google.android.gms:play-services-tasks:9.0.0:4:5
MERGED from com.google.android.gms:play-services-basement:9.0.0:18:5
MERGED from com.android.support:support-v4:23.2.0:20:5
MERGED from com.google.android.gms:play-services-tasks:9.0.0:4:5
MERGED from com.google.android.gms:play-services-basement:9.0.0:18:5
MERGED from com.android.support:support-v4:23.2.0:20:5
MERGED from com.google.android.gms:play-services-basement:9.0.0:18:5
MERGED from com.android.support:support-v4:23.2.0:20:5
MERGED from com.google.android.gms:play-services-analytics-impl:9.0.0:18:5
MERGED from com.google.android.gms:play-services-base:9.0.0:18:5
MERGED from com.google.android.gms:play-services-basement:9.0.0:18:5
MERGED from com.android.support:support-v4:23.2.0:20:5
MERGED from com.google.firebase:firebase-common:9.0.0:4:5
MERGED from com.google.android.gms:play-services-basement:9.0.0:18:5
MERGED from com.android.support:support-v4:23.2.0:20:5
MERGED from com.google.android.gms:play-services-tasks:9.0.0:4:5
MERGED from com.google.android.gms:play-services-basement:9.0.0:18:5
MERGED from com.android.support:support-v4:23.2.0:20:5
MERGED from com.google.android.gms:play-services-tasks:9.0.0:4:5
MERGED from com.google.android.gms:play-services-basement:9.0.0:18:5
MERGED from com.android.support:support-v4:23.2.0:20:5
MERGED from com.google.android.gms:play-services-basement:9.0.0:18:5
MERGED from com.android.support:support-v4:23.2.0:20:5
MERGED from com.google.android.gms:play-services-appinvite:9.0.0:18:5
MERGED from com.google.android.gms:play-services-base:9.0.0:18:5
MERGED from com.google.android.gms:play-services-basement:9.0.0:18:5
MERGED from com.android.support:support-v4:23.2.0:20:5
MERGED from com.google.firebase:firebase-common:9.0.0:4:5
MERGED from com.google.android.gms:play-services-basement:9.0.0:18:5
MERGED from com.android.support:support-v4:23.2.0:20:5
MERGED from com.google.android.gms:play-services-tasks:9.0.0:4:5
MERGED from com.google.android.gms:play-services-basement:9.0.0:18:5
MERGED from com.android.support:support-v4:23.2.0:20:5
MERGED from com.google.android.gms:play-services-tasks:9.0.0:4:5
MERGED from com.google.android.gms:play-services-basement:9.0.0:18:5
MERGED from com.android.support:support-v4:23.2.0:20:5
MERGED from com.google.android.gms:play-services-basement:9.0.0:18:5
MERGED from com.android.support:support-v4:23.2.0:20:5
MERGED from com.google.android.gms:play-services-auth:9.0.0:18:5
MERGED from com.google.android.gms:play-services-auth-base:9.0.0:5:5
MERGED from com.google.android.gms:play-services-base:9.0.0:18:5
MERGED from com.google.android.gms:play-services-basement:9.0.0:18:5
MERGED from com.android.support:support-v4:23.2.0:20:5
MERGED from com.google.firebase:firebase-common:9.0.0:4:5
MERGED from com.google.android.gms:play-services-basement:9.0.0:18:5
MERGED from com.android.support:support-v4:23.2.0:20:5
MERGED from com.google.android.gms:play-services-tasks:9.0.0:4:5
MERGED from com.google.android.gms:play-services-basement:9.0.0:18:5
MERGED from com.android.support:support-v4:23.2.0:20:5
MERGED from com.google.android.gms:play-services-tasks:9.0.0:4:5
MERGED from com.google.android.gms:play-services-basement:9.0.0:18:5
MERGED from com.android.support:support-v4:23.2.0:20:5
MERGED from com.google.android.gms:play-services-basement:9.0.0:18:5
MERGED from com.android.support:support-v4:23.2.0:20:5
MERGED from com.google.android.gms:play-services-base:9.0.0:18:5
MERGED from com.google.android.gms:play-services-basement:9.0.0:18:5
MERGED from com.android.support:support-v4:23.2.0:20:5
MERGED from com.google.firebase:firebase-common:9.0.0:4:5
MERGED from com.google.android.gms:play-services-basement:9.0.0:18:5
MERGED from com.android.support:support-v4:23.2.0:20:5
MERGED from com.google.android.gms:play-services-tasks:9.0.0:4:5
MERGED from com.google.android.gms:play-services-basement:9.0.0:18:5
MERGED from com.android.support:support-v4:23.2.0:20:5
MERGED from com.google.android.gms:play-services-tasks:9.0.0:4:5
MERGED from com.google.android.gms:play-services-basement:9.0.0:18:5
MERGED from com.android.support:support-v4:23.2.0:20:5
MERGED from com.google.android.gms:play-services-basement:9.0.0:18:5
MERGED from com.android.support:support-v4:23.2.0:20:5
MERGED from com.google.android.gms:play-services-auth-base:9.0.0:5:5
MERGED from com.google.android.gms:play-services-base:9.0.0:18:5
MERGED from com.google.android.gms:play-services-basement:9.0.0:18:5
MERGED from com.android.support:support-v4:23.2.0:20:5
MERGED from com.google.firebase:firebase-common:9.0.0:4:5
MERGED from com.google.android.gms:play-services-basement:9.0.0:18:5
MERGED from com.android.support:support-v4:23.2.0:20:5
MERGED from com.google.android.gms:play-services-tasks:9.0.0:4:5
MERGED from com.google.android.gms:play-services-basement:9.0.0:18:5
MERGED from com.android.support:support-v4:23.2.0:20:5
MERGED from com.google.android.gms:play-services-tasks:9.0.0:4:5
MERGED from com.google.android.gms:play-services-basement:9.0.0:18:5
MERGED from com.android.support:support-v4:23.2.0:20:5
MERGED from com.google.android.gms:play-services-basement:9.0.0:18:5
MERGED from com.android.support:support-v4:23.2.0:20:5
MERGED from com.google.android.gms:play-services-base:9.0.0:18:5
MERGED from com.google.android.gms:play-services-basement:9.0.0:18:5
MERGED from com.android.support:support-v4:23.2.0:20:5
MERGED from com.google.firebase:firebase-common:9.0.0:4:5
MERGED from com.google.android.gms:play-services-basement:9.0.0:18:5
MERGED from com.android.support:support-v4:23.2.0:20:5
MERGED from com.google.android.gms:play-services-tasks:9.0.0:4:5
MERGED from com.google.android.gms:play-services-basement:9.0.0:18:5
MERGED from com.android.support:support-v4:23.2.0:20:5
MERGED from com.google.android.gms:play-services-tasks:9.0.0:4:5
MERGED from com.google.android.gms:play-services-basement:9.0.0:18:5
MERGED from com.android.support:support-v4:23.2.0:20:5
MERGED from com.google.android.gms:play-services-cast:9.0.0:18:5
MERGED from com.google.android.gms:play-services-base:9.0.0:18:5
MERGED from com.google.android.gms:play-services-basement:9.0.0:18:5
MERGED from com.android.support:support-v4:23.2.0:20:5
MERGED from com.google.firebase:firebase-common:9.0.0:4:5
MERGED from com.google.android.gms:play-services-basement:9.0.0:18:5
MERGED from com.android.support:support-v4:23.2.0:20:5
MERGED from com.google.android.gms:play-services-tasks:9.0.0:4:5
MERGED from com.google.android.gms:play-services-basement:9.0.0:18:5
MERGED from com.android.support:support-v4:23.2.0:20:5
MERGED from com.google.android.gms:play-services-tasks:9.0.0:4:5
MERGED from com.google.android.gms:play-services-basement:9.0.0:18:5
MERGED from com.android.support:support-v4:23.2.0:20:5
MERGED from com.google.android.gms:play-services-basement:9.0.0:18:5
MERGED from com.android.support:support-v4:23.2.0:20:5
MERGED from com.android.support:mediarouter-v7:23.0.0:20:5
MERGED from com.android.support:appcompat-v7:23.2.0:21:5
MERGED from com.android.support:support-v4:23.2.0:20:5
MERGED from com.android.support:animated-vector-drawable:23.2.0:5:5
MERGED from com.android.support:support-vector-drawable:23.2.0:5:5
MERGED from com.android.support:support-v4:23.2.0:20:5
MERGED from com.android.support:support-vector-drawable:23.2.0:5:5
MERGED from com.android.support:support-v4:23.2.0:20:5
MERGED from com.google.android.gms:play-services-basement:9.0.0:18:5
MERGED from com.android.support:support-v4:23.2.0:20:5
MERGED from com.google.firebase:firebase-config:9.0.0:18:5
MERGED from com.google.android.gms:play-services-base:9.0.0:18:5
MERGED from com.google.android.gms:play-services-basement:9.0.0:18:5
MERGED from com.android.support:support-v4:23.2.0:20:5
MERGED from com.google.firebase:firebase-common:9.0.0:4:5
MERGED from com.google.android.gms:play-services-basement:9.0.0:18:5
MERGED from com.android.support:support-v4:23.2.0:20:5
MERGED from com.google.android.gms:play-services-tasks:9.0.0:4:5
MERGED from com.google.android.gms:play-services-basement:9.0.0:18:5
MERGED from com.android.support:support-v4:23.2.0:20:5
MERGED from com.google.android.gms:play-services-tasks:9.0.0:4:5
MERGED from com.google.android.gms:play-services-basement:9.0.0:18:5
MERGED from com.android.support:support-v4:23.2.0:20:5
MERGED from com.google.android.gms:play-services-basement:9.0.0:18:5
MERGED from com.android.support:support-v4:23.2.0:20:5
MERGED from com.google.firebase:firebase-iid:9.0.0:18:5
MERGED from com.google.android.gms:play-services-basement:9.0.0:18:5
MERGED from com.android.support:support-v4:23.2.0:20:5
MERGED from com.google.firebase:firebase-common:9.0.0:4:5
MERGED from com.google.android.gms:play-services-basement:9.0.0:18:5
MERGED from com.android.support:support-v4:23.2.0:20:5
MERGED from com.google.android.gms:play-services-tasks:9.0.0:4:5
MERGED from com.google.android.gms:play-services-basement:9.0.0:18:5
MERGED from com.android.support:support-v4:23.2.0:20:5
MERGED from com.google.firebase:firebase-common:9.0.0:4:5
MERGED from com.google.android.gms:play-services-basement:9.0.0:18:5
MERGED from com.android.support:support-v4:23.2.0:20:5
MERGED from com.google.android.gms:play-services-tasks:9.0.0:4:5
MERGED from com.google.android.gms:play-services-basement:9.0.0:18:5
MERGED from com.android.support:support-v4:23.2.0:20:5
MERGED from com.google.android.gms:play-services-tasks:9.0.0:4:5
MERGED from com.google.android.gms:play-services-basement:9.0.0:18:5
MERGED from com.android.support:support-v4:23.2.0:20:5
MERGED from com.google.firebase:firebase-crash:9.0.0:22:5
MERGED from com.google.android.gms:play-services-base:9.0.0:18:5
MERGED from com.google.android.gms:play-services-basement:9.0.0:18:5
MERGED from com.android.support:support-v4:23.2.0:20:5
MERGED from com.google.firebase:firebase-common:9.0.0:4:5
MERGED from com.google.android.gms:play-services-basement:9.0.0:18:5
MERGED from com.android.support:support-v4:23.2.0:20:5
MERGED from com.google.android.gms:play-services-tasks:9.0.0:4:5
MERGED from com.google.android.gms:play-services-basement:9.0.0:18:5
MERGED from com.android.support:support-v4:23.2.0:20:5
MERGED from com.google.android.gms:play-services-tasks:9.0.0:4:5
MERGED from com.google.android.gms:play-services-basement:9.0.0:18:5
MERGED from com.android.support:support-v4:23.2.0:20:5
MERGED from com.google.android.gms:play-services-basement:9.0.0:18:5
MERGED from com.android.support:support-v4:23.2.0:20:5
MERGED from com.google.firebase:firebase-iid:9.0.0:18:5
MERGED from com.google.android.gms:play-services-basement:9.0.0:18:5
MERGED from com.android.support:support-v4:23.2.0:20:5
MERGED from com.google.firebase:firebase-common:9.0.0:4:5
MERGED from com.google.android.gms:play-services-basement:9.0.0:18:5
MERGED from com.android.support:support-v4:23.2.0:20:5
MERGED from com.google.android.gms:play-services-tasks:9.0.0:4:5
MERGED from com.google.android.gms:play-services-basement:9.0.0:18:5
MERGED from com.android.support:support-v4:23.2.0:20:5
MERGED from com.google.firebase:firebase-common:9.0.0:4:5
MERGED from com.google.android.gms:play-services-basement:9.0.0:18:5
MERGED from com.android.support:support-v4:23.2.0:20:5
MERGED from com.google.android.gms:play-services-tasks:9.0.0:4:5
MERGED from com.google.android.gms:play-services-basement:9.0.0:18:5
MERGED from com.android.support:support-v4:23.2.0:20:5
MERGED from com.google.firebase:firebase-analytics:9.0.0:18:5
MERGED from com.google.android.gms:play-services-basement:9.0.0:18:5
MERGED from com.android.support:support-v4:23.2.0:20:5
MERGED from com.google.firebase:firebase-common:9.0.0:4:5
MERGED from com.google.android.gms:play-services-basement:9.0.0:18:5
MERGED from com.android.support:support-v4:23.2.0:20:5
MERGED from com.google.android.gms:play-services-tasks:9.0.0:4:5
MERGED from com.google.android.gms:play-services-basement:9.0.0:18:5
MERGED from com.android.support:support-v4:23.2.0:20:5
MERGED from com.google.firebase:firebase-analytics-impl:9.0.0:18:5
MERGED from com.google.android.gms:play-services-base:9.0.0:18:5
MERGED from com.google.android.gms:play-services-basement:9.0.0:18:5
MERGED from com.android.support:support-v4:23.2.0:20:5
MERGED from com.google.firebase:firebase-common:9.0.0:4:5
MERGED from com.google.android.gms:play-services-basement:9.0.0:18:5
MERGED from com.android.support:support-v4:23.2.0:20:5
MERGED from com.google.android.gms:play-services-tasks:9.0.0:4:5
MERGED from com.google.android.gms:play-services-basement:9.0.0:18:5
MERGED from com.android.support:support-v4:23.2.0:20:5
MERGED from com.google.android.gms:play-services-tasks:9.0.0:4:5
MERGED from com.google.android.gms:play-services-basement:9.0.0:18:5
MERGED from com.android.support:support-v4:23.2.0:20:5
MERGED from com.google.android.gms:play-services-basement:9.0.0:18:5
MERGED from com.android.support:support-v4:23.2.0:20:5
MERGED from com.google.firebase:firebase-iid:9.0.0:18:5
MERGED from com.google.android.gms:play-services-basement:9.0.0:18:5
MERGED from com.android.support:support-v4:23.2.0:20:5
MERGED from com.google.firebase:firebase-common:9.0.0:4:5
MERGED from com.google.android.gms:play-services-basement:9.0.0:18:5
MERGED from com.android.support:support-v4:23.2.0:20:5
MERGED from com.google.android.gms:play-services-tasks:9.0.0:4:5
MERGED from com.google.android.gms:play-services-basement:9.0.0:18:5
MERGED from com.android.support:support-v4:23.2.0:20:5
MERGED from com.google.firebase:firebase-common:9.0.0:4:5
MERGED from com.google.android.gms:play-services-basement:9.0.0:18:5
MERGED from com.android.support:support-v4:23.2.0:20:5
MERGED from com.google.android.gms:play-services-tasks:9.0.0:4:5
MERGED from com.google.android.gms:play-services-basement:9.0.0:18:5
MERGED from com.android.support:support-v4:23.2.0:20:5
MERGED from com.google.android.gms:play-services-drive:9.0.0:18:5
MERGED from com.google.android.gms:play-services-base:9.0.0:18:5
MERGED from com.google.android.gms:play-services-basement:9.0.0:18:5
MERGED from com.android.support:support-v4:23.2.0:20:5
MERGED from com.google.firebase:firebase-common:9.0.0:4:5
MERGED from com.google.android.gms:play-services-basement:9.0.0:18:5
MERGED from com.android.support:support-v4:23.2.0:20:5
MERGED from com.google.android.gms:play-services-tasks:9.0.0:4:5
MERGED from com.google.android.gms:play-services-basement:9.0.0:18:5
MERGED from com.android.support:support-v4:23.2.0:20:5
MERGED from com.google.android.gms:play-services-tasks:9.0.0:4:5
MERGED from com.google.android.gms:play-services-basement:9.0.0:18:5
MERGED from com.android.support:support-v4:23.2.0:20:5
MERGED from com.google.android.gms:play-services-basement:9.0.0:18:5
MERGED from com.android.support:support-v4:23.2.0:20:5
MERGED from com.google.firebase:firebase-auth:9.0.0:18:5
MERGED from com.google.android.gms:play-services-base:9.0.0:18:5
MERGED from com.google.android.gms:play-services-basement:9.0.0:18:5
MERGED from com.android.support:support-v4:23.2.0:20:5
MERGED from com.google.firebase:firebase-common:9.0.0:4:5
MERGED from com.google.android.gms:play-services-basement:9.0.0:18:5
MERGED from com.android.support:support-v4:23.2.0:20:5
MERGED from com.google.android.gms:play-services-tasks:9.0.0:4:5
MERGED from com.google.android.gms:play-services-basement:9.0.0:18:5
MERGED from com.android.support:support-v4:23.2.0:20:5
MERGED from com.google.android.gms:play-services-tasks:9.0.0:4:5
MERGED from com.google.android.gms:play-services-basement:9.0.0:18:5
MERGED from com.android.support:support-v4:23.2.0:20:5
MERGED from com.google.android.gms:play-services-basement:9.0.0:18:5
MERGED from com.android.support:support-v4:23.2.0:20:5
MERGED from com.google.firebase:firebase-auth-common:9.0.0:18:5
MERGED from com.google.android.gms:play-services-base:9.0.0:18:5
MERGED from com.google.android.gms:play-services-basement:9.0.0:18:5
MERGED from com.android.support:support-v4:23.2.0:20:5
MERGED from com.google.firebase:firebase-common:9.0.0:4:5
MERGED from com.google.android.gms:play-services-basement:9.0.0:18:5
MERGED from com.android.support:support-v4:23.2.0:20:5
MERGED from com.google.android.gms:play-services-tasks:9.0.0:4:5
MERGED from com.google.android.gms:play-services-basement:9.0.0:18:5
MERGED from com.android.support:support-v4:23.2.0:20:5
MERGED from com.google.android.gms:play-services-tasks:9.0.0:4:5
MERGED from com.google.android.gms:play-services-basement:9.0.0:18:5
MERGED from com.android.support:support-v4:23.2.0:20:5
MERGED from com.google.android.gms:play-services-basement:9.0.0:18:5
MERGED from com.android.support:support-v4:23.2.0:20:5
MERGED from com.google.firebase:firebase-auth-module:9.0.0:4:5
MERGED from com.google.android.gms:play-services-base:9.0.0:18:5
MERGED from com.google.android.gms:play-services-basement:9.0.0:18:5
MERGED from com.android.support:support-v4:23.2.0:20:5
MERGED from com.google.firebase:firebase-common:9.0.0:4:5
MERGED from com.google.android.gms:play-services-basement:9.0.0:18:5
MERGED from com.android.support:support-v4:23.2.0:20:5
MERGED from com.google.android.gms:play-services-tasks:9.0.0:4:5
MERGED from com.google.android.gms:play-services-basement:9.0.0:18:5
MERGED from com.android.support:support-v4:23.2.0:20:5
MERGED from com.google.android.gms:play-services-tasks:9.0.0:4:5
MERGED from com.google.android.gms:play-services-basement:9.0.0:18:5
MERGED from com.android.support:support-v4:23.2.0:20:5
MERGED from com.google.android.gms:play-services-basement:9.0.0:18:5
MERGED from com.android.support:support-v4:23.2.0:20:5
MERGED from com.google.firebase:firebase-common:9.0.0:4:5
MERGED from com.google.android.gms:play-services-basement:9.0.0:18:5
MERGED from com.android.support:support-v4:23.2.0:20:5
MERGED from com.google.android.gms:play-services-tasks:9.0.0:4:5
MERGED from com.google.android.gms:play-services-basement:9.0.0:18:5
MERGED from com.android.support:support-v4:23.2.0:20:5
MERGED from com.google.firebase:firebase-auth-module:9.0.0:4:5
MERGED from com.google.android.gms:play-services-base:9.0.0:18:5
MERGED from com.google.android.gms:play-services-basement:9.0.0:18:5
MERGED from com.android.support:support-v4:23.2.0:20:5
MERGED from com.google.firebase:firebase-common:9.0.0:4:5
MERGED from com.google.android.gms:play-services-basement:9.0.0:18:5
MERGED from com.android.support:support-v4:23.2.0:20:5
MERGED from com.google.android.gms:play-services-tasks:9.0.0:4:5
MERGED from com.google.android.gms:play-services-basement:9.0.0:18:5
MERGED from com.android.support:support-v4:23.2.0:20:5
MERGED from com.google.android.gms:play-services-tasks:9.0.0:4:5
MERGED from com.google.android.gms:play-services-basement:9.0.0:18:5
MERGED from com.android.support:support-v4:23.2.0:20:5
MERGED from com.google.android.gms:play-services-basement:9.0.0:18:5
MERGED from com.android.support:support-v4:23.2.0:20:5
MERGED from com.google.firebase:firebase-common:9.0.0:4:5
MERGED from com.google.android.gms:play-services-basement:9.0.0:18:5
MERGED from com.android.support:support-v4:23.2.0:20:5
MERGED from com.google.android.gms:play-services-tasks:9.0.0:4:5
MERGED from com.google.android.gms:play-services-basement:9.0.0:18:5
MERGED from com.android.support:support-v4:23.2.0:20:5
MERGED from com.google.android.gms:play-services-tasks:9.0.0:4:5
MERGED from com.google.android.gms:play-services-basement:9.0.0:18:5
MERGED from com.android.support:support-v4:23.2.0:20:5
MERGED from com.google.firebase:firebase-auth-common:9.0.0:18:5
MERGED from com.google.android.gms:play-services-base:9.0.0:18:5
MERGED from com.google.android.gms:play-services-basement:9.0.0:18:5